<?xml version="1.0" encoding="UTF-8"?>
<!-- Generated by org.testng.reporters.JUnitReportReporter -->
<testsuite hostname="Subbu-PC" name="mypackage.SwitchWindowExample" tests="1" failures="0" timestamp="11 Feb 2019 15:47:38 GMT" time="22.553" errors="0">
  <testcase name="printChildWindowTitles" time="22.553" classname="mypackage.SwitchWindowExample"/>
</testsuite> <!-- mypackage.SwitchWindowExample -->
